[I 250301 00:00:26 api_test:68] on open
[I 250301 00:00:26 api_test:61] Ticks: {'subscription_mode': 1, 'exchange_type': 1, 'token': '3045', 'sequence_number': 17309248, 'exchange_timestamp': 1740750238000, 'last_traded_price': 68880, 'subscription_mode_val': 'LTP'}
[I 250301 00:04:21 api_test:89] WebSocket Connected
[I 250301 00:04:21 api_test:83] Ticks: {'subscription_mode': 3, 'exchange_type': 1, 'token': '3045', 'sequence_number': 17309248, 'exchange_timestamp': 1740750238000, 'last_traded_price': 68880, 'subscription_mode_val': 'SNAP_QUOTE', 'last_traded_quantity': 50, 'average_traded_price': 69005, 'volume_trade_for_the_day': 15780609, 'total_buy_quantity': 0.0, 'total_sell_quantity': 1676.0, 'open_price_of_the_day': 70090, 'high_price_of_the_day': 70135, 'low_price_of_the_day': 68260, 'closed_price': 70390, 'last_traded_timestamp': 1740738592, 'open_interest': 201136500, 'open_interest_change_percentage': -4658850874268561011, 'upper_circuit_limit': 75765, 'lower_circuit_limit': 61995, '52_week_high_price': 91200, '52_week_low_price': 68260, 'best_5_buy_data': [{'flag': 1, 'quantity': 0, 'price': 0, 'no of orders': 0}, {'flag': 1, 'quantity': 0, 'price': 0, 'no of orders': 0}, {'flag': 1, 'quantity': 0, 'price': 0, 'no of orders': 0}, {'flag': 1, 'quantity': 0, 'price': 0, 'no of orders': 0}, {'flag': 1, 'quantity': 0, 'price': 0, 'no of orders': 0}], 'best_5_sell_data': [{'flag': 0, 'quantity': 1676, 'price': 68880, 'no of orders': 17}, {'flag': 0, 'quantity': 0, 'price': 0, 'no of orders': 0}, {'flag': 0, 'quantity': 0, 'price': 0, 'no of orders': 0}, {'flag': 0, 'quantity': 0, 'price': 0, 'no of orders': 0}, {'flag': 0, 'quantity': 0, 'price': 0, 'no of orders': 0}]}
[W 250301 00:05:21 api_test:76] No data received in 30 seconds. Resubscribing...
[I 250301 00:05:21 api_test:83] Ticks: {'subscription_mode': 3, 'exchange_type': 1, 'token': '3045', 'sequence_number': 17309248, 'exchange_timestamp': 1740750238000, 'last_traded_price': 68880, 'subscription_mode_val': 'SNAP_QUOTE', 'last_traded_quantity': 50, 'average_traded_price': 69005, 'volume_trade_for_the_day': 15780609, 'total_buy_quantity': 0.0, 'total_sell_quantity': 1676.0, 'open_price_of_the_day': 70090, 'high_price_of_the_day': 70135, 'low_price_of_the_day': 68260, 'closed_price': 70390, 'last_traded_timestamp': 1740738592, 'open_interest': 201136500, 'open_interest_change_percentage': -4658850874268561011, 'upper_circuit_limit': 75765, 'lower_circuit_limit': 61995, '52_week_high_price': 91200, '52_week_low_price': 68260, 'best_5_buy_data': [{'flag': 1, 'quantity': 0, 'price': 0, 'no of orders': 0}, {'flag': 1, 'quantity': 0, 'price': 0, 'no of orders': 0}, {'flag': 1, 'quantity': 0, 'price': 0, 'no of orders': 0}, {'flag': 1, 'quantity': 0, 'price': 0, 'no of orders': 0}, {'flag': 1, 'quantity': 0, 'price': 0, 'no of orders': 0}], 'best_5_sell_data': [{'flag': 0, 'quantity': 1676, 'price': 68880, 'no of orders': 17}, {'flag': 0, 'quantity': 0, 'price': 0, 'no of orders': 0}, {'flag': 0, 'quantity': 0, 'price': 0, 'no of orders': 0}, {'flag': 0, 'quantity': 0, 'price': 0, 'no of orders': 0}, {'flag': 0, 'quantity': 0, 'price': 0, 'no of orders': 0}]}
[I 250301 00:05:43 api_test:79] WebSocket Connected
[I 250301 00:05:43 api_test:73] Ticks: {'subscription_mode': 3, 'exchange_type': 1, 'token': '3045', 'sequence_number': 17309248, 'exchange_timestamp': 1740750238000, 'last_traded_price': 68880, 'subscription_mode_val': 'SNAP_QUOTE', 'last_traded_quantity': 50, 'average_traded_price': 69005, 'volume_trade_for_the_day': 15780609, 'total_buy_quantity': 0.0, 'total_sell_quantity': 1676.0, 'open_price_of_the_day': 70090, 'high_price_of_the_day': 70135, 'low_price_of_the_day': 68260, 'closed_price': 70390, 'last_traded_timestamp': 1740738592, 'open_interest': 201136500, 'open_interest_change_percentage': -4658850874268561011, 'upper_circuit_limit': 75765, 'lower_circuit_limit': 61995, '52_week_high_price': 91200, '52_week_low_price': 68260, 'best_5_buy_data': [{'flag': 1, 'quantity': 0, 'price': 0, 'no of orders': 0}, {'flag': 1, 'quantity': 0, 'price': 0, 'no of orders': 0}, {'flag': 1, 'quantity': 0, 'price': 0, 'no of orders': 0}, {'flag': 1, 'quantity': 0, 'price': 0, 'no of orders': 0}, {'flag': 1, 'quantity': 0, 'price': 0, 'no of orders': 0}], 'best_5_sell_data': [{'flag': 0, 'quantity': 1676, 'price': 68880, 'no of orders': 17}, {'flag': 0, 'quantity': 0, 'price': 0, 'no of orders': 0}, {'flag': 0, 'quantity': 0, 'price': 0, 'no of orders': 0}, {'flag': 0, 'quantity': 0, 'price': 0, 'no of orders': 0}, {'flag': 0, 'quantity': 0, 'price': 0, 'no of orders': 0}]}
[W 250301 00:06:43 api_test:66] No data received in 30 seconds. Resubscribing...
[I 250301 00:06:43 api_test:73] Ticks: {'subscription_mode': 3, 'exchange_type': 1, 'token': '3045', 'sequence_number': 17309248, 'exchange_timestamp': 1740750238000, 'last_traded_price': 68880, 'subscription_mode_val': 'SNAP_QUOTE', 'last_traded_quantity': 50, 'average_traded_price': 69005, 'volume_trade_for_the_day': 15780609, 'total_buy_quantity': 0.0, 'total_sell_quantity': 1676.0, 'open_price_of_the_day': 70090, 'high_price_of_the_day': 70135, 'low_price_of_the_day': 68260, 'closed_price': 70390, 'last_traded_timestamp': 1740738592, 'open_interest': 201136500, 'open_interest_change_percentage': -4658850874268561011, 'upper_circuit_limit': 75765, 'lower_circuit_limit': 61995, '52_week_high_price': 91200, '52_week_low_price': 68260, 'best_5_buy_data': [{'flag': 1, 'quantity': 0, 'price': 0, 'no of orders': 0}, {'flag': 1, 'quantity': 0, 'price': 0, 'no of orders': 0}, {'flag': 1, 'quantity': 0, 'price': 0, 'no of orders': 0}, {'flag': 1, 'quantity': 0, 'price': 0, 'no of orders': 0}, {'flag': 1, 'quantity': 0, 'price': 0, 'no of orders': 0}], 'best_5_sell_data': [{'flag': 0, 'quantity': 1676, 'price': 68880, 'no of orders': 17}, {'flag': 0, 'quantity': 0, 'price': 0, 'no of orders': 0}, {'flag': 0, 'quantity': 0, 'price': 0, 'no of orders': 0}, {'flag': 0, 'quantity': 0, 'price': 0, 'no of orders': 0}, {'flag': 0, 'quantity': 0, 'price': 0, 'no of orders': 0}]}
[I 250301 00:07:39 api_test:84] WebSocket Connected
[I 250301 00:07:39 api_test:78] Ticks: {'subscription_mode': 3, 'exchange_type': 1, 'token': '3045', 'sequence_number': 17309248, 'exchange_timestamp': 1740750238000, 'last_traded_price': 68880, 'subscription_mode_val': 'SNAP_QUOTE', 'last_traded_quantity': 50, 'average_traded_price': 69005, 'volume_trade_for_the_day': 15780609, 'total_buy_quantity': 0.0, 'total_sell_quantity': 1676.0, 'open_price_of_the_day': 70090, 'high_price_of_the_day': 70135, 'low_price_of_the_day': 68260, 'closed_price': 70390, 'last_traded_timestamp': 1740738592, 'open_interest': 201136500, 'open_interest_change_percentage': -4658850874268561011, 'upper_circuit_limit': 75765, 'lower_circuit_limit': 61995, '52_week_high_price': 91200, '52_week_low_price': 68260, 'best_5_buy_data': [{'flag': 1, 'quantity': 0, 'price': 0, 'no of orders': 0}, {'flag': 1, 'quantity': 0, 'price': 0, 'no of orders': 0}, {'flag': 1, 'quantity': 0, 'price': 0, 'no of orders': 0}, {'flag': 1, 'quantity': 0, 'price': 0, 'no of orders': 0}, {'flag': 1, 'quantity': 0, 'price': 0, 'no of orders': 0}], 'best_5_sell_data': [{'flag': 0, 'quantity': 1676, 'price': 68880, 'no of orders': 17}, {'flag': 0, 'quantity': 0, 'price': 0, 'no of orders': 0}, {'flag': 0, 'quantity': 0, 'price': 0, 'no of orders': 0}, {'flag': 0, 'quantity': 0, 'price': 0, 'no of orders': 0}, {'flag': 0, 'quantity': 0, 'price': 0, 'no of orders': 0}]}
[W 250301 00:08:19 api_test:58] No data received in 30 seconds. Reconnecting...
[W 250301 00:08:19 smartWebSocketV2:318] Attempting to resubscribe/reconnect (Attempt 1)...
[I 250301 00:08:24 api_test:84] WebSocket Connected
[I 250301 00:08:24 api_test:78] Ticks: {'subscription_mode': 3, 'exchange_type': 1, 'token': '3045', 'sequence_number': 17309248, 'exchange_timestamp': 1740750238000, 'last_traded_price': 68880, 'subscription_mode_val': 'SNAP_QUOTE', 'last_traded_quantity': 50, 'average_traded_price': 69005, 'volume_trade_for_the_day': 15780609, 'total_buy_quantity': 0.0, 'total_sell_quantity': 1676.0, 'open_price_of_the_day': 70090, 'high_price_of_the_day': 70135, 'low_price_of_the_day': 68260, 'closed_price': 70390, 'last_traded_timestamp': 1740738592, 'open_interest': 201136500, 'open_interest_change_percentage': -4658850874268561011, 'upper_circuit_limit': 75765, 'lower_circuit_limit': 61995, '52_week_high_price': 91200, '52_week_low_price': 68260, 'best_5_buy_data': [{'flag': 1, 'quantity': 0, 'price': 0, 'no of orders': 0}, {'flag': 1, 'quantity': 0, 'price': 0, 'no of orders': 0}, {'flag': 1, 'quantity': 0, 'price': 0, 'no of orders': 0}, {'flag': 1, 'quantity': 0, 'price': 0, 'no of orders': 0}, {'flag': 1, 'quantity': 0, 'price': 0, 'no of orders': 0}], 'best_5_sell_data': [{'flag': 0, 'quantity': 1676, 'price': 68880, 'no of orders': 17}, {'flag': 0, 'quantity': 0, 'price': 0, 'no of orders': 0}, {'flag': 0, 'quantity': 0, 'price': 0, 'no of orders': 0}, {'flag': 0, 'quantity': 0, 'price': 0, 'no of orders': 0}, {'flag': 0, 'quantity': 0, 'price': 0, 'no of orders': 0}]}
[I 250301 00:08:29 api_test:84] WebSocket Connected
[I 250301 00:08:29 api_test:78] Ticks: {'subscription_mode': 3, 'exchange_type': 1, 'token': '3045', 'sequence_number': 17309248, 'exchange_timestamp': 1740750238000, 'last_traded_price': 68880, 'subscription_mode_val': 'SNAP_QUOTE', 'last_traded_quantity': 50, 'average_traded_price': 69005, 'volume_trade_for_the_day': 15780609, 'total_buy_quantity': 0.0, 'total_sell_quantity': 1676.0, 'open_price_of_the_day': 70090, 'high_price_of_the_day': 70135, 'low_price_of_the_day': 68260, 'closed_price': 70390, 'last_traded_timestamp': 1740738592, 'open_interest': 201136500, 'open_interest_change_percentage': -4658850874268561011, 'upper_circuit_limit': 75765, 'lower_circuit_limit': 61995, '52_week_high_price': 91200, '52_week_low_price': 68260, 'best_5_buy_data': [{'flag': 1, 'quantity': 0, 'price': 0, 'no of orders': 0}, {'flag': 1, 'quantity': 0, 'price': 0, 'no of orders': 0}, {'flag': 1, 'quantity': 0, 'price': 0, 'no of orders': 0}, {'flag': 1, 'quantity': 0, 'price': 0, 'no of orders': 0}, {'flag': 1, 'quantity': 0, 'price': 0, 'no of orders': 0}], 'best_5_sell_data': [{'flag': 0, 'quantity': 1676, 'price': 68880, 'no of orders': 17}, {'flag': 0, 'quantity': 0, 'price': 0, 'no of orders': 0}, {'flag': 0, 'quantity': 0, 'price': 0, 'no of orders': 0}, {'flag': 0, 'quantity': 0, 'price': 0, 'no of orders': 0}, {'flag': 0, 'quantity': 0, 'price': 0, 'no of orders': 0}]}
[W 250301 00:08:49 smartWebSocketV2:318] Attempting to resubscribe/reconnect (Attempt 2)...
[W 250301 00:09:04 api_test:58] No data received in 30 seconds. Reconnecting...
[W 250301 00:09:04 smartWebSocketV2:318] Attempting to resubscribe/reconnect (Attempt 1)...
[W 250301 00:09:09 api_test:58] No data received in 30 seconds. Reconnecting...
[I 250301 00:09:10 api_test:84] WebSocket Connected
[W 250301 00:09:10 smartWebSocketV2:318] Attempting to resubscribe/reconnect (Attempt 1)...
[I 250301 00:09:14 api_test:84] WebSocket Connected
[I 250301 00:09:14 api_test:78] Ticks: {'subscription_mode': 3, 'exchange_type': 1, 'token': '3045', 'sequence_number': 17309248, 'exchange_timestamp': 1740750238000, 'last_traded_price': 68880, 'subscription_mode_val': 'SNAP_QUOTE', 'last_traded_quantity': 50, 'average_traded_price': 69005, 'volume_trade_for_the_day': 15780609, 'total_buy_quantity': 0.0, 'total_sell_quantity': 1676.0, 'open_price_of_the_day': 70090, 'high_price_of_the_day': 70135, 'low_price_of_the_day': 68260, 'closed_price': 70390, 'last_traded_timestamp': 1740738592, 'open_interest': 201136500, 'open_interest_change_percentage': -4658850874268561011, 'upper_circuit_limit': 75765, 'lower_circuit_limit': 61995, '52_week_high_price': 91200, '52_week_low_price': 68260, 'best_5_buy_data': [{'flag': 1, 'quantity': 0, 'price': 0, 'no of orders': 0}, {'flag': 1, 'quantity': 0, 'price': 0, 'no of orders': 0}, {'flag': 1, 'quantity': 0, 'price': 0, 'no of orders': 0}, {'flag': 1, 'quantity': 0, 'price': 0, 'no of orders': 0}, {'flag': 1, 'quantity': 0, 'price': 0, 'no of orders': 0}], 'best_5_sell_data': [{'flag': 0, 'quantity': 1676, 'price': 68880, 'no of orders': 17}, {'flag': 0, 'quantity': 0, 'price': 0, 'no of orders': 0}, {'flag': 0, 'quantity': 0, 'price': 0, 'no of orders': 0}, {'flag': 0, 'quantity': 0, 'price': 0, 'no of orders': 0}, {'flag': 0, 'quantity': 0, 'price': 0, 'no of orders': 0}]}
[E 250301 00:09:15 api_test:89] Connection closed
[W 250301 00:09:15 smartWebSocketV2:342] Connection closed due to max retry attempts reached.
[E 250301 00:09:15 api_test:89] Connection closed
[W 250301 00:09:15 smartWebSocketV2:342] Connection closed due to max retry attempts reached.
[I 250301 00:09:20 api_test:84] WebSocket Connected
[I 250301 00:09:20 api_test:78] Ticks: {'subscription_mode': 3, 'exchange_type': 1, 'token': '3045', 'sequence_number': 17309248, 'exchange_timestamp': 1740750238000, 'last_traded_price': 68880, 'subscription_mode_val': 'SNAP_QUOTE', 'last_traded_quantity': 50, 'average_traded_price': 69005, 'volume_trade_for_the_day': 15780609, 'total_buy_quantity': 0.0, 'total_sell_quantity': 1676.0, 'open_price_of_the_day': 70090, 'high_price_of_the_day': 70135, 'low_price_of_the_day': 68260, 'closed_price': 70390, 'last_traded_timestamp': 1740738592, 'open_interest': 201136500, 'open_interest_change_percentage': -4658850874268561011, 'upper_circuit_limit': 75765, 'lower_circuit_limit': 61995, '52_week_high_price': 91200, '52_week_low_price': 68260, 'best_5_buy_data': [{'flag': 1, 'quantity': 0, 'price': 0, 'no of orders': 0}, {'flag': 1, 'quantity': 0, 'price': 0, 'no of orders': 0}, {'flag': 1, 'quantity': 0, 'price': 0, 'no of orders': 0}, {'flag': 1, 'quantity': 0, 'price': 0, 'no of orders': 0}, {'flag': 1, 'quantity': 0, 'price': 0, 'no of orders': 0}], 'best_5_sell_data': [{'flag': 0, 'quantity': 1676, 'price': 68880, 'no of orders': 17}, {'flag': 0, 'quantity': 0, 'price': 0, 'no of orders': 0}, {'flag': 0, 'quantity': 0, 'price': 0, 'no of orders': 0}, {'flag': 0, 'quantity': 0, 'price': 0, 'no of orders': 0}, {'flag': 0, 'quantity': 0, 'price': 0, 'no of orders': 0}]}
[W 250301 00:09:54 api_test:58] No data received in 30 seconds. Reconnecting...
[W 250301 00:09:54 smartWebSocketV2:318] Attempting to resubscribe/reconnect (Attempt 1)...
[W 250301 00:09:55 api_test:58] No data received in 30 seconds. Reconnecting...
[I 250301 00:10:00 api_test:84] WebSocket Connected
[W 250301 00:10:00 smartWebSocketV2:318] Attempting to resubscribe/reconnect (Attempt 1)...
[I 250301 00:10:00 api_test:78] Ticks: {'subscription_mode': 3, 'exchange_type': 1, 'token': '3045', 'sequence_number': 17309248, 'exchange_timestamp': 1740750238000, 'last_traded_price': 68880, 'subscription_mode_val': 'SNAP_QUOTE', 'last_traded_quantity': 50, 'average_traded_price': 69005, 'volume_trade_for_the_day': 15780609, 'total_buy_quantity': 0.0, 'total_sell_quantity': 1676.0, 'open_price_of_the_day': 70090, 'high_price_of_the_day': 70135, 'low_price_of_the_day': 68260, 'closed_price': 70390, 'last_traded_timestamp': 1740738592, 'open_interest': 201136500, 'open_interest_change_percentage': -4658850874268561011, 'upper_circuit_limit': 75765, 'lower_circuit_limit': 61995, '52_week_high_price': 91200, '52_week_low_price': 68260, 'best_5_buy_data': [{'flag': 1, 'quantity': 0, 'price': 0, 'no of orders': 0}, {'flag': 1, 'quantity': 0, 'price': 0, 'no of orders': 0}, {'flag': 1, 'quantity': 0, 'price': 0, 'no of orders': 0}, {'flag': 1, 'quantity': 0, 'price': 0, 'no of orders': 0}, {'flag': 1, 'quantity': 0, 'price': 0, 'no of orders': 0}], 'best_5_sell_data': [{'flag': 0, 'quantity': 1676, 'price': 68880, 'no of orders': 17}, {'flag': 0, 'quantity': 0, 'price': 0, 'no of orders': 0}, {'flag': 0, 'quantity': 0, 'price': 0, 'no of orders': 0}, {'flag': 0, 'quantity': 0, 'price': 0, 'no of orders': 0}, {'flag': 0, 'quantity': 0, 'price': 0, 'no of orders': 0}]}
[E 250301 00:10:05 api_test:89] Connection closed
[W 250301 00:10:05 smartWebSocketV2:342] Connection closed due to max retry attempts reached.
[E 250301 00:10:05 api_test:89] Connection closed
[W 250301 00:10:05 smartWebSocketV2:342] Connection closed due to max retry attempts reached.
[E 250301 00:10:10 api_test:89] Connection closed
[W 250301 00:10:10 smartWebSocketV2:342] Connection closed due to max retry attempts reached.
[E 250301 00:10:10 api_test:89] Connection closed
[W 250301 00:10:10 smartWebSocketV2:342] Connection closed due to max retry attempts reached.
[E 250301 00:10:10 api_test:89] Connection closed
[W 250301 00:10:10 smartWebSocketV2:342] Connection closed due to max retry attempts reached.
[W 250301 00:10:30 api_test:58] No data received in 30 seconds. Reconnecting...
[W 250301 00:10:30 smartWebSocketV2:318] Attempting to resubscribe/reconnect (Attempt 1)...
[I 250301 00:10:35 api_test:84] WebSocket Connected
[I 250301 00:10:35 api_test:78] Ticks: {'subscription_mode': 3, 'exchange_type': 1, 'token': '3045', 'sequence_number': 17309248, 'exchange_timestamp': 1740750238000, 'last_traded_price': 68880, 'subscription_mode_val': 'SNAP_QUOTE', 'last_traded_quantity': 50, 'average_traded_price': 69005, 'volume_trade_for_the_day': 15780609, 'total_buy_quantity': 0.0, 'total_sell_quantity': 1676.0, 'open_price_of_the_day': 70090, 'high_price_of_the_day': 70135, 'low_price_of_the_day': 68260, 'closed_price': 70390, 'last_traded_timestamp': 1740738592, 'open_interest': 201136500, 'open_interest_change_percentage': -4658850874268561011, 'upper_circuit_limit': 75765, 'lower_circuit_limit': 61995, '52_week_high_price': 91200, '52_week_low_price': 68260, 'best_5_buy_data': [{'flag': 1, 'quantity': 0, 'price': 0, 'no of orders': 0}, {'flag': 1, 'quantity': 0, 'price': 0, 'no of orders': 0}, {'flag': 1, 'quantity': 0, 'price': 0, 'no of orders': 0}, {'flag': 1, 'quantity': 0, 'price': 0, 'no of orders': 0}, {'flag': 1, 'quantity': 0, 'price': 0, 'no of orders': 0}], 'best_5_sell_data': [{'flag': 0, 'quantity': 1676, 'price': 68880, 'no of orders': 17}, {'flag': 0, 'quantity': 0, 'price': 0, 'no of orders': 0}, {'flag': 0, 'quantity': 0, 'price': 0, 'no of orders': 0}, {'flag': 0, 'quantity': 0, 'price': 0, 'no of orders': 0}, {'flag': 0, 'quantity': 0, 'price': 0, 'no of orders': 0}]}
[W 250301 00:10:40 smartWebSocketV2:318] Attempting to resubscribe/reconnect (Attempt 3)...
[E 250301 00:10:40 api_test:89] Connection closed
[W 250301 00:10:40 smartWebSocketV2:342] Connection closed due to max retry attempts reached.
[E 250301 00:10:40 api_test:89] Connection closed
[W 250301 00:10:40 smartWebSocketV2:342] Connection closed due to max retry attempts reached.
[I 250301 09:01:35 api_test:84] WebSocket Connected
[I 250301 09:01:35 api_test:78] Ticks: {'subscription_mode': 3, 'exchange_type': 1, 'token': '3045', 'sequence_number': 20744, 'exchange_timestamp': 1740792304965, 'last_traded_price': 68880, 'subscription_mode_val': 'SNAP_QUOTE', 'last_traded_quantity': 50, 'average_traded_price': 69005, 'volume_trade_for_the_day': 15780609, 'total_buy_quantity': 0.0, 'total_sell_quantity': 1676.0, 'open_price_of_the_day': 70090, 'high_price_of_the_day': 70135, 'low_price_of_the_day': 68260, 'closed_price': 70390, 'last_traded_timestamp': 1740738592, 'open_interest': 201136500, 'open_interest_change_percentage': -4658850874268561011, 'upper_circuit_limit': 75765, 'lower_circuit_limit': 61995, '52_week_high_price': 91200, '52_week_low_price': 68260, 'best_5_buy_data': [{'flag': 1, 'quantity': 0, 'price': 0, 'no of orders': 0}, {'flag': 1, 'quantity': 0, 'price': 0, 'no of orders': 0}, {'flag': 1, 'quantity': 0, 'price': 0, 'no of orders': 0}, {'flag': 1, 'quantity': 0, 'price': 0, 'no of orders': 0}, {'flag': 1, 'quantity': 0, 'price': 0, 'no of orders': 0}], 'best_5_sell_data': [{'flag': 0, 'quantity': 1676, 'price': 68880, 'no of orders': 17}, {'flag': 0, 'quantity': 0, 'price': 0, 'no of orders': 0}, {'flag': 0, 'quantity': 0, 'price': 0, 'no of orders': 0}, {'flag': 0, 'quantity': 0, 'price': 0, 'no of orders': 0}, {'flag': 0, 'quantity': 0, 'price': 0, 'no of orders': 0}]}
[W 250301 09:02:15 api_test:58] No data received in 30 seconds. Reconnecting...
[W 250301 09:02:15 smartWebSocketV2:318] Attempting to resubscribe/reconnect (Attempt 1)...
[I 250301 09:02:20 api_test:84] WebSocket Connected
[I 250301 09:02:20 api_test:78] Ticks: {'subscription_mode': 3, 'exchange_type': 1, 'token': '3045', 'sequence_number': 20744, 'exchange_timestamp': 1740792304965, 'last_traded_price': 68880, 'subscription_mode_val': 'SNAP_QUOTE', 'last_traded_quantity': 50, 'average_traded_price': 69005, 'volume_trade_for_the_day': 15780609, 'total_buy_quantity': 0.0, 'total_sell_quantity': 1676.0, 'open_price_of_the_day': 70090, 'high_price_of_the_day': 70135, 'low_price_of_the_day': 68260, 'closed_price': 70390, 'last_traded_timestamp': 1740738592, 'open_interest': 201136500, 'open_interest_change_percentage': -4658850874268561011, 'upper_circuit_limit': 75765, 'lower_circuit_limit': 61995, '52_week_high_price': 91200, '52_week_low_price': 68260, 'best_5_buy_data': [{'flag': 1, 'quantity': 0, 'price': 0, 'no of orders': 0}, {'flag': 1, 'quantity': 0, 'price': 0, 'no of orders': 0}, {'flag': 1, 'quantity': 0, 'price': 0, 'no of orders': 0}, {'flag': 1, 'quantity': 0, 'price': 0, 'no of orders': 0}, {'flag': 1, 'quantity': 0, 'price': 0, 'no of orders': 0}], 'best_5_sell_data': [{'flag': 0, 'quantity': 1676, 'price': 68880, 'no of orders': 17}, {'flag': 0, 'quantity': 0, 'price': 0, 'no of orders': 0}, {'flag': 0, 'quantity': 0, 'price': 0, 'no of orders': 0}, {'flag': 0, 'quantity': 0, 'price': 0, 'no of orders': 0}, {'flag': 0, 'quantity': 0, 'price': 0, 'no of orders': 0}]}
[I 250301 09:02:25 api_test:84] WebSocket Connected
[I 250301 09:02:25 api_test:78] Ticks: {'subscription_mode': 3, 'exchange_type': 1, 'token': '3045', 'sequence_number': 20744, 'exchange_timestamp': 1740792304965, 'last_traded_price': 68880, 'subscription_mode_val': 'SNAP_QUOTE', 'last_traded_quantity': 50, 'average_traded_price': 69005, 'volume_trade_for_the_day': 15780609, 'total_buy_quantity': 0.0, 'total_sell_quantity': 1676.0, 'open_price_of_the_day': 70090, 'high_price_of_the_day': 70135, 'low_price_of_the_day': 68260, 'closed_price': 70390, 'last_traded_timestamp': 1740738592, 'open_interest': 201136500, 'open_interest_change_percentage': -4658850874268561011, 'upper_circuit_limit': 75765, 'lower_circuit_limit': 61995, '52_week_high_price': 91200, '52_week_low_price': 68260, 'best_5_buy_data': [{'flag': 1, 'quantity': 0, 'price': 0, 'no of orders': 0}, {'flag': 1, 'quantity': 0, 'price': 0, 'no of orders': 0}, {'flag': 1, 'quantity': 0, 'price': 0, 'no of orders': 0}, {'flag': 1, 'quantity': 0, 'price': 0, 'no of orders': 0}, {'flag': 1, 'quantity': 0, 'price': 0, 'no of orders': 0}], 'best_5_sell_data': [{'flag': 0, 'quantity': 1676, 'price': 68880, 'no of orders': 17}, {'flag': 0, 'quantity': 0, 'price': 0, 'no of orders': 0}, {'flag': 0, 'quantity': 0, 'price': 0, 'no of orders': 0}, {'flag': 0, 'quantity': 0, 'price': 0, 'no of orders': 0}, {'flag': 0, 'quantity': 0, 'price': 0, 'no of orders': 0}]}
[W 250301 09:03:00 api_test:58] No data received in 30 seconds. Reconnecting...
[W 250301 09:03:00 smartWebSocketV2:318] Attempting to resubscribe/reconnect (Attempt 1)...
[W 250301 09:03:05 api_test:58] No data received in 30 seconds. Reconnecting...
[I 250301 09:03:06 api_test:84] WebSocket Connected
[I 250301 09:03:06 api_test:78] Ticks: {'subscription_mode': 3, 'exchange_type': 1, 'token': '3045', 'sequence_number': 20744, 'exchange_timestamp': 1740792304965, 'last_traded_price': 68880, 'subscription_mode_val': 'SNAP_QUOTE', 'last_traded_quantity': 50, 'average_traded_price': 69005, 'volume_trade_for_the_day': 15780609, 'total_buy_quantity': 0.0, 'total_sell_quantity': 1676.0, 'open_price_of_the_day': 70090, 'high_price_of_the_day': 70135, 'low_price_of_the_day': 68260, 'closed_price': 70390, 'last_traded_timestamp': 1740738592, 'open_interest': 201136500, 'open_interest_change_percentage': -4658850874268561011, 'upper_circuit_limit': 75765, 'lower_circuit_limit': 61995, '52_week_high_price': 91200, '52_week_low_price': 68260, 'best_5_buy_data': [{'flag': 1, 'quantity': 0, 'price': 0, 'no of orders': 0}, {'flag': 1, 'quantity': 0, 'price': 0, 'no of orders': 0}, {'flag': 1, 'quantity': 0, 'price': 0, 'no of orders': 0}, {'flag': 1, 'quantity': 0, 'price': 0, 'no of orders': 0}, {'flag': 1, 'quantity': 0, 'price': 0, 'no of orders': 0}], 'best_5_sell_data': [{'flag': 0, 'quantity': 1676, 'price': 68880, 'no of orders': 17}, {'flag': 0, 'quantity': 0, 'price': 0, 'no of orders': 0}, {'flag': 0, 'quantity': 0, 'price': 0, 'no of orders': 0}, {'flag': 0, 'quantity': 0, 'price': 0, 'no of orders': 0}, {'flag': 0, 'quantity': 0, 'price': 0, 'no of orders': 0}]}
[I 250301 09:03:11 api_test:84] WebSocket Connected
[I 250301 09:03:11 api_test:78] Ticks: {'subscription_mode': 3, 'exchange_type': 1, 'token': '3045', 'sequence_number': 20744, 'exchange_timestamp': 1740792304965, 'last_traded_price': 68880, 'subscription_mode_val': 'SNAP_QUOTE', 'last_traded_quantity': 50, 'average_traded_price': 69005, 'volume_trade_for_the_day': 15780609, 'total_buy_quantity': 0.0, 'total_sell_quantity': 1676.0, 'open_price_of_the_day': 70090, 'high_price_of_the_day': 70135, 'low_price_of_the_day': 68260, 'closed_price': 70390, 'last_traded_timestamp': 1740738592, 'open_interest': 201136500, 'open_interest_change_percentage': -4658850874268561011, 'upper_circuit_limit': 75765, 'lower_circuit_limit': 61995, '52_week_high_price': 91200, '52_week_low_price': 68260, 'best_5_buy_data': [{'flag': 1, 'quantity': 0, 'price': 0, 'no of orders': 0}, {'flag': 1, 'quantity': 0, 'price': 0, 'no of orders': 0}, {'flag': 1, 'quantity': 0, 'price': 0, 'no of orders': 0}, {'flag': 1, 'quantity': 0, 'price': 0, 'no of orders': 0}, {'flag': 1, 'quantity': 0, 'price': 0, 'no of orders': 0}], 'best_5_sell_data': [{'flag': 0, 'quantity': 1676, 'price': 68880, 'no of orders': 17}, {'flag': 0, 'quantity': 0, 'price': 0, 'no of orders': 0}, {'flag': 0, 'quantity': 0, 'price': 0, 'no of orders': 0}, {'flag': 0, 'quantity': 0, 'price': 0, 'no of orders': 0}, {'flag': 0, 'quantity': 0, 'price': 0, 'no of orders': 0}]}
[E 250301 09:03:11 api_test:89] Connection closed
[W 250301 09:03:11 smartWebSocketV2:342] Connection closed due to max retry attempts reached.
[E 250301 09:03:11 api_test:89] Connection closed
[W 250301 09:03:11 smartWebSocketV2:342] Connection closed due to max retry attempts reached.
[W 250301 09:03:45 smartWebSocketV2:318] Attempting to resubscribe/reconnect (Attempt 2)...
[W 250301 09:03:46 api_test:58] No data received in 30 seconds. Reconnecting...
[W 250301 09:03:46 smartWebSocketV2:318] Attempting to resubscribe/reconnect (Attempt 1)...
[W 250301 09:03:51 api_test:58] No data received in 30 seconds. Reconnecting...
[W 250301 09:03:51 api_test:58] No data received in 30 seconds. Reconnecting...
[I 250301 09:03:51 api_test:84] WebSocket Connected
[E 250301 09:03:51 smartWebSocketV2:212] Error occurred during subscribe: Connection is already closed.
[W 250301 09:03:51 smartWebSocketV2:318] Attempting to resubscribe/reconnect (Attempt 1)...
[I 250301 09:03:56 api_test:84] WebSocket Connected
[E 250301 09:03:56 smartWebSocketV2:212] Error occurred during subscribe: socket is already closed.
[W 250301 09:03:56 smartWebSocketV2:318] Attempting to resubscribe/reconnect (Attempt 1)...
[W 250301 09:03:56 smartWebSocketV2:318] Attempting to resubscribe/reconnect (Attempt 1)...
[E 250301 09:03:56 api_test:89] Connection closed
[W 250301 09:03:56 smartWebSocketV2:342] Connection closed due to max retry attempts reached.
[E 250301 09:03:56 api_test:89] Connection closed
[W 250301 09:03:56 smartWebSocketV2:342] Connection closed due to max retry attempts reached.
[E 250301 09:04:01 api_test:89] Connection closed
[W 250301 09:04:01 smartWebSocketV2:342] Connection closed due to max retry attempts reached.
[E 250301 09:04:01 api_test:89] Connection closed
[W 250301 09:04:01 smartWebSocketV2:342] Connection closed due to max retry attempts reached.
[E 250301 09:04:01 api_test:89] Connection closed
[W 250301 09:04:01 smartWebSocketV2:342] Connection closed due to max retry attempts reached.
[E 250301 09:04:01 api_test:89] Connection closed
[W 250301 09:04:01 smartWebSocketV2:342] Connection closed due to max retry attempts reached.
[I 250301 09:04:06 api_test:84] WebSocket Connected
[E 250301 09:04:06 smartWebSocketV2:212] Error occurred during subscribe: socket is already closed.
[W 250301 09:04:06 smartWebSocketV2:318] Attempting to resubscribe/reconnect (Attempt 3)...
[I 250301 09:04:07 api_test:84] WebSocket Connected
[E 250301 09:04:07 api_test:89] Connection closed
[W 250301 09:04:07 smartWebSocketV2:342] Connection closed due to max retry attempts reached.
[E 250301 09:04:07 api_test:89] Connection closed
[W 250301 09:04:07 smartWebSocketV2:342] Connection closed due to max retry attempts reached.
[E 250301 09:04:07 api_test:89] Connection closed
[W 250301 09:04:07 smartWebSocketV2:342] Connection closed due to max retry attempts reached.
[W 250301 09:04:11 api_test:58] No data received in 30 seconds. Reconnecting...
[W 250301 09:04:16 api_test:58] No data received in 30 seconds. Reconnecting...
[W 250301 09:04:16 api_test:58] No data received in 30 seconds. Reconnecting...
[W 250301 09:04:16 smartWebSocketV2:318] Attempting to resubscribe/reconnect (Attempt 1)...
[W 250301 09:04:21 smartWebSocketV2:318] Attempting to resubscribe/reconnect (Attempt 1)...
[W 250301 09:04:21 api_test:58] No data received in 30 seconds. Reconnecting...
[W 250301 09:04:22 smartWebSocketV2:318] Attempting to resubscribe/reconnect (Attempt 1)...
[W 250301 09:04:26 api_test:58] No data received in 30 seconds. Reconnecting...
[W 250301 09:04:27 api_test:58] No data received in 30 seconds. Reconnecting...
[W 250301 09:04:27 api_test:58] No data received in 30 seconds. Reconnecting...
[E 250301 09:04:27 api_test:89] Connection closed
[W 250301 09:04:27 smartWebSocketV2:342] Connection closed due to max retry attempts reached.
[E 250301 09:04:27 api_test:89] Connection closed
[W 250301 09:04:27 smartWebSocketV2:342] Connection closed due to max retry attempts reached.
[E 250301 09:04:27 api_test:89] Connection closed
[W 250301 09:04:27 smartWebSocketV2:342] Connection closed due to max retry attempts reached.
[W 250301 09:04:27 smartWebSocketV2:318] Attempting to resubscribe/reconnect (Attempt 1)...
[W 250301 09:04:31 smartWebSocketV2:318] Attempting to resubscribe/reconnect (Attempt 1)...
[E 250301 09:04:32 api_test:89] Connection closed
[W 250301 09:04:32 smartWebSocketV2:342] Connection closed due to max retry attempts reached.
[E 250301 09:04:32 api_test:89] Connection closed
[W 250301 09:04:32 smartWebSocketV2:342] Connection closed due to max retry attempts reached.
[E 250301 09:04:32 api_test:89] Connection closed
[W 250301 09:04:32 smartWebSocketV2:342] Connection closed due to max retry attempts reached.
[W 250301 09:04:32 smartWebSocketV2:318] Attempting to resubscribe/reconnect (Attempt 1)...
[W 250301 09:04:32 smartWebSocketV2:318] Attempting to resubscribe/reconnect (Attempt 1)...
[E 250301 09:04:32 api_test:89] Connection closed
[W 250301 09:04:32 smartWebSocketV2:342] Connection closed due to max retry attempts reached.
[E 250301 09:04:32 api_test:89] Connection closed
[W 250301 09:04:32 smartWebSocketV2:342] Connection closed due to max retry attempts reached.
[E 250301 09:04:32 api_test:89] Connection closed
[W 250301 09:04:32 smartWebSocketV2:342] Connection closed due to max retry attempts reached.
[E 250301 09:04:37 api_test:89] Connection closed
[W 250301 09:04:37 smartWebSocketV2:342] Connection closed due to max retry attempts reached.
[E 250301 09:04:37 api_test:89] Connection closed
[W 250301 09:04:37 smartWebSocketV2:342] Connection closed due to max retry attempts reached.
[E 250301 09:04:37 api_test:89] Connection closed
[W 250301 09:04:37 smartWebSocketV2:342] Connection closed due to max retry attempts reached.
[E 250301 09:04:41 api_test:89] Connection closed
[W 250301 09:04:41 smartWebSocketV2:342] Connection closed due to max retry attempts reached.
[E 250301 09:04:41 api_test:89] Connection closed
[W 250301 09:04:41 smartWebSocketV2:342] Connection closed due to max retry attempts reached.
[E 250301 09:04:41 api_test:89] Connection closed
[W 250301 09:04:41 smartWebSocketV2:342] Connection closed due to max retry attempts reached.
[E 250301 09:04:42 api_test:89] Connection closed
[W 250301 09:04:42 smartWebSocketV2:342] Connection closed due to max retry attempts reached.
[E 250301 09:04:42 api_test:89] Connection closed
[W 250301 09:04:42 smartWebSocketV2:342] Connection closed due to max retry attempts reached.
[E 250301 09:04:42 api_test:89] Connection closed
[W 250301 09:04:42 smartWebSocketV2:342] Connection closed due to max retry attempts reached.
[E 250301 09:04:42 api_test:89] Connection closed
[W 250301 09:04:42 smartWebSocketV2:342] Connection closed due to max retry attempts reached.
[E 250301 09:04:42 api_test:89] Connection closed
[W 250301 09:04:42 smartWebSocketV2:342] Connection closed due to max retry attempts reached.
[E 250301 09:04:42 api_test:89] Connection closed
[W 250301 09:04:42 smartWebSocketV2:342] Connection closed due to max retry attempts reached.
[I 250301 09:04:46 api_test:84] WebSocket Connected
[E 250301 09:04:46 smartWebSocketV2:212] Error occurred during subscribe: Connection is already closed.
[E 250301 09:04:46 api_test:89] Connection closed
[W 250301 09:04:46 smartWebSocketV2:342] Connection closed due to max retry attempts reached.
[E 250301 09:04:46 api_test:89] Connection closed
[W 250301 09:04:46 smartWebSocketV2:342] Connection closed due to max retry attempts reached.
[E 250301 09:04:46 api_test:89] Connection closed
[W 250301 09:04:46 smartWebSocketV2:342] Connection closed due to max retry attempts reached.
[E 250301 09:04:46 api_test:89] Connection closed
[W 250301 09:04:46 smartWebSocketV2:342] Connection closed due to max retry attempts reached.
[E 250301 09:04:46 api_test:89] Connection closed
[W 250301 09:04:46 smartWebSocketV2:342] Connection closed due to max retry attempts reached.
[E 250301 09:04:46 api_test:89] Connection closed
[W 250301 09:04:46 smartWebSocketV2:342] Connection closed due to max retry attempts reached.
[E 250301 14:56:32 smartConnect:246] Error occurred while making a GET request to https://apiconnect.angelone.in/rest/secure/angelbroking/user/v1/getProfile. Error: None. URL: https://apiconnect.angelone.in/rest/secure/angelbroking/user/v1/getProfile, Headers: {'Content-type': 'application/json', 'X-ClientLocalIP': '127.0.0.1', 'X-ClientPublicIP': '106.193.147.98', 'X-MACAddress': 'e4:a4:71:05:7b:e2', 'Accept': 'application/json', 'X-PrivateKey': 'HRfvYqVU', 'X-UserType': 'USER', 'X-SourceID': 'WEB'}, Request: {'refreshToken': 'eyJhbGciOiJIUzUxMiJ9.eyJ0b2tlbiI6IlJFRlJFU0gtVE9LRU4iLCJSRUZSRVNILVRPS0VOIjoiZXlKaGJHY2lPaUpTVXpJMU5pSXNJblI1Y0NJNklrcFhWQ0o5LmV5SjFjMlZ5WDNSNWNHVWlPaUpqYkdsbGJuUWlMQ0owYjJ0bGJsOTBlWEJsSWpvaWRISmhaR1ZmY21WbWNtVnphRjkwYjJ0bGJpSXNJbWR0WDJsa0lqb3dMQ0p6YjNWeVkyVWlPaUl6SWl3aVpHVjJhV05sWDJsa0lqb2lOak5oTkdKa05XUXRZVGcwTkMwek1UWTBMV0ZpWVRjdFlXUmlNall3T1dNNE16QXhJaXdpYTJsa0lqb2lkSEpoWkdWZmEyVjVYM1l5SWl3aWIyMXVaVzFoYm1GblpYSnBaQ0k2TUN3aWFYTnpJam9pYkc5bmFXNWZjMlZ5ZG1salpTSXNJbk4xWWlJNklsSXpNREU1TXpZaUxDSmxlSEFpT2pFM05EQTVNRGMxT1RFc0ltNWlaaUk2TVRjME1EZ3lNVEF4TVN3aWFXRjBJam94TnpRd09ESXhNREV4TENKcWRHa2lPaUppT0RSbU9UUmtPQzFoTURVMExUUTBZMlV0WVRsaFpTMWlOekprWm1Fd09UUTRNRE1pTENKVWIydGxiaUk2SWlKOS5UM1ZGMDBYU29uNnU3anNKSXlGT1JpSTlJbGNVWVBMaUhOV2RaRVZmb1NDeFgyV0t3Z2ZoTzlNTDZuMkgzY2M1RmpjbDhCZmNRczVDX2sxNFpWVEZHVHRoWE9veWdRUjZ0ZWxqM0xxYUNHRFRDeW5rYV8tOTlqSVN6d1N2NldVeXVfNVBRZEZYM0xTOE56VW5VWUZZX09MTk11c2RZVHdHYnlfdE9BM2ltc0EiLCJpYXQiOjE3NDA4MjExOTF9.F2Q1mHsQX3SZoktdO46t9w54OWBDuYBfk1H9RXyokmpdEa3P9rPmt6oXYDJsPYgmN3HakabTYv-Fhub87ohGKg'}, Response: {'status': False, 'message': None, 'errorcode': 'AB1008', 'data': None}
[E 250301 14:58:18 smartConnect:246] Error occurred while making a POST request to https://apiconnect.angelone.in/rest/auth/angelbroking/user/v1/loginByPassword. Error: YOUR USER ID IS INVALID. URL: https://apiconnect.angelone.in/rest/auth/angelbroking/user/v1/loginByPassword, Headers: {'Content-type': 'application/json', 'X-ClientLocalIP': '127.0.0.1', 'X-ClientPublicIP': '106.193.147.98', 'X-MACAddress': 'e4:a4:71:05:7b:e2', 'Accept': 'application/json', 'X-PrivateKey': 'HRfvYqVU', 'X-UserType': 'USER', 'X-SourceID': 'WEB'}, Request: {'clientcode': 'R301936', 'password': '9080', 'totp': '374421'}, Response: {'status': False, 'message': 'YOUR USER ID IS INVALID', 'errorcode': 'AB1007', 'data': None}
[E 250301 14:58:18 stock_filter:30] {'status': False, 'message': 'YOUR USER ID IS INVALID', 'errorcode': 'AB1007', 'data': None}
[E 250301 14:58:33 smartConnect:246] Error occurred while making a GET request to https://apiconnect.angelone.in/rest/secure/angelbroking/user/v1/getProfile. Error: None. URL: https://apiconnect.angelone.in/rest/secure/angelbroking/user/v1/getProfile, Headers: {'Content-type': 'application/json', 'X-ClientLocalIP': '127.0.0.1', 'X-ClientPublicIP': '106.193.147.98', 'X-MACAddress': 'e4:a4:71:05:7b:e2', 'Accept': 'application/json', 'X-PrivateKey': 'HRfvYqVU', 'X-UserType': 'USER', 'X-SourceID': 'WEB'}, Request: {'refreshToken': 'eyJhbGciOiJIUzUxMiJ9.eyJ0b2tlbiI6IlJFRlJFU0gtVE9LRU4iLCJSRUZSRVNILVRPS0VOIjoiZXlKaGJHY2lPaUpTVXpJMU5pSXNJblI1Y0NJNklrcFhWQ0o5LmV5SjFjMlZ5WDNSNWNHVWlPaUpqYkdsbGJuUWlMQ0owYjJ0bGJsOTBlWEJsSWpvaWRISmhaR1ZmY21WbWNtVnphRjkwYjJ0bGJpSXNJbWR0WDJsa0lqb3dMQ0p6YjNWeVkyVWlPaUl6SWl3aVpHVjJhV05sWDJsa0lqb2lOak5oTkdKa05XUXRZVGcwTkMwek1UWTBMV0ZpWVRjdFlXUmlNall3T1dNNE16QXhJaXdpYTJsa0lqb2lkSEpoWkdWZmEyVjVYM1l5SWl3aWIyMXVaVzFoYm1GblpYSnBaQ0k2TUN3aWFYTnpJam9pYkc5bmFXNWZjMlZ5ZG1salpTSXNJbk4xWWlJNklsSXpNREU1TXpZaUxDSmxlSEFpT2pFM05EQTVNRGMzTVRJc0ltNWlaaUk2TVRjME1EZ3lNVEV6TWl3aWFXRjBJam94TnpRd09ESXhNVE15TENKcWRHa2lPaUptT1RZelptTTBPQzA0WVRnd0xUUmhZemd0WVdObVpDMWhNV0ZtWVdRNU1HRXdaR0VpTENKVWIydGxiaUk2SWlKOS5pUEhuSU10aS1IZkNlSWkyZXlTWHVIOGI1OGE3YjVtTThHVGlGcGNOczYxcmNPZFhtZDRNdjROd0tmYTNjUGdlc1U4Mk55YURfNTJfellkX0FkSUluc2ZxR3o5dFZYT1F5OHlPUEdEYmlpMUZVb1NBWVhPdFRMYmFib2d3NUVaaHhPNzlUNDNFY2FabkpIbXJwV3RhdEc1Y2ZDcGZyX3hPVGxWeDBveV9DSGciLCJpYXQiOjE3NDA4MjEzMTJ9.9dQutX9d_QWlKeIZoXS3DzJUsWHZnvqQyY2MtIFquVH9JGYH1uERX5qPbZbDdQ1xfxiHhwB36nSRpBX3fA5eGw'}, Response: {'status': False, 'message': None, 'errorcode': 'AB1008', 'data': None}
[E 250301 14:59:05 smartConnect:246] Error occurred while making a POST request to https://apiconnect.angelone.in/rest/auth/angelbroking/user/v1/loginByPassword. Error: YOUR USER ID IS INVALID. URL: https://apiconnect.angelone.in/rest/auth/angelbroking/user/v1/loginByPassword, Headers: {'Content-type': 'application/json', 'X-ClientLocalIP': '127.0.0.1', 'X-ClientPublicIP': '106.193.147.98', 'X-MACAddress': 'e4:a4:71:05:7b:e2', 'Accept': 'application/json', 'X-PrivateKey': 'HRfvYqVU', 'X-UserType': 'USER', 'X-SourceID': 'WEB'}, Request: {'clientcode': 'R301936', 'password': '9080', 'totp': '141410'}, Response: {'status': False, 'message': 'YOUR USER ID IS INVALID', 'errorcode': 'AB1007', 'data': None}
[E 250301 14:59:05 stock_filter:30] {'status': False, 'message': 'YOUR USER ID IS INVALID', 'errorcode': 'AB1007', 'data': None}
[E 250301 15:00:37 smartConnect:246] Error occurred while making a POST request to https://apiconnect.angelone.in/rest/auth/angelbroking/user/v1/loginByPassword. Error: YOUR USER ID IS INVALID. URL: https://apiconnect.angelone.in/rest/auth/angelbroking/user/v1/loginByPassword, Headers: {'Content-type': 'application/json', 'X-ClientLocalIP': '127.0.0.1', 'X-ClientPublicIP': '106.193.147.98', 'X-MACAddress': 'e4:a4:71:05:7b:e2', 'Accept': 'application/json', 'X-PrivateKey': 'HRfvYqVU', 'X-UserType': 'USER', 'X-SourceID': 'WEB'}, Request: {'clientcode': 'R301936', 'password': '9080', 'totp': '046162'}, Response: {'status': False, 'message': 'YOUR USER ID IS INVALID', 'errorcode': 'AB1007', 'data': None}
[E 250301 15:00:37 stock_filter:30] {'status': False, 'message': 'YOUR USER ID IS INVALID', 'errorcode': 'AB1007', 'data': None}
[E 250301 15:01:17 smartConnect:246] Error occurred while making a POST request to https://apiconnect.angelone.in/rest/auth/angelbroking/user/v1/loginByPassword. Error: YOUR USER ID IS INVALID. URL: https://apiconnect.angelone.in/rest/auth/angelbroking/user/v1/loginByPassword, Headers: {'Content-type': 'application/json', 'X-ClientLocalIP': '127.0.0.1', 'X-ClientPublicIP': '106.193.147.98', 'X-MACAddress': 'e4:a4:71:05:7b:e2', 'Accept': 'application/json', 'X-PrivateKey': 'HRfvYqVU', 'X-UserType': 'USER', 'X-SourceID': 'WEB'}, Request: {'clientcode': 'R301936', 'password': '9080', 'totp': '778437'}, Response: {'status': False, 'message': 'YOUR USER ID IS INVALID', 'errorcode': 'AB1007', 'data': None}
[E 250301 15:01:17 stock_filter:30] {'status': False, 'message': 'YOUR USER ID IS INVALID', 'errorcode': 'AB1007', 'data': None}
[E 250301 15:02:24 smartConnect:246] Error occurred while making a POST request to https://apiconnect.angelone.in/rest/auth/angelbroking/user/v1/loginByPassword. Error: YOUR USER ID IS INVALID. URL: https://apiconnect.angelone.in/rest/auth/angelbroking/user/v1/loginByPassword, Headers: {'Content-type': 'application/json', 'X-ClientLocalIP': '127.0.0.1', 'X-ClientPublicIP': '106.193.147.98', 'X-MACAddress': 'e4:a4:71:05:7b:e2', 'Accept': 'application/json', 'X-PrivateKey': 'HRfvYqVU', 'X-UserType': 'USER', 'X-SourceID': 'WEB'}, Request: {'clientcode': 'R301936', 'password': '9080', 'totp': '583841'}, Response: {'status': False, 'message': 'YOUR USER ID IS INVALID', 'errorcode': 'AB1007', 'data': None}
[E 250301 15:02:24 stock_filter:30] {'status': False, 'message': 'YOUR USER ID IS INVALID', 'errorcode': 'AB1007', 'data': None}
[E 250301 15:02:52 smartConnect:246] Error occurred while making a POST request to https://apiconnect.angelone.in/rest/auth/angelbroking/user/v1/loginByPassword. Error: YOUR USER ID IS INVALID. URL: https://apiconnect.angelone.in/rest/auth/angelbroking/user/v1/loginByPassword, Headers: {'Content-type': 'application/json', 'X-ClientLocalIP': '127.0.0.1', 'X-ClientPublicIP': '106.193.147.98', 'X-MACAddress': 'e4:a4:71:05:7b:e2', 'Accept': 'application/json', 'X-PrivateKey': 'HRfvYqVU', 'X-UserType': 'USER', 'X-SourceID': 'WEB'}, Request: {'clientcode': 'R301936', 'password': '9080', 'totp': '203649'}, Response: {'status': False, 'message': 'YOUR USER ID IS INVALID', 'errorcode': 'AB1007', 'data': None}
[E 250301 15:02:52 stock_filter:30] {'status': False, 'message': 'YOUR USER ID IS INVALID', 'errorcode': 'AB1007', 'data': None}
[E 250301 15:04:02 smartConnect:246] Error occurred while making a POST request to https://apiconnect.angelone.in/rest/auth/angelbroking/user/v1/loginByPassword. Error: YOUR USER ID IS INVALID. URL: https://apiconnect.angelone.in/rest/auth/angelbroking/user/v1/loginByPassword, Headers: {'Content-type': 'application/json', 'X-ClientLocalIP': '127.0.0.1', 'X-ClientPublicIP': '106.193.147.98', 'X-MACAddress': 'e4:a4:71:05:7b:e2', 'Accept': 'application/json', 'X-PrivateKey': 'HRfvYqVU', 'X-UserType': 'USER', 'X-SourceID': 'WEB'}, Request: {'clientcode': 'R301936', 'password': '9080', 'totp': '151569'}, Response: {'status': False, 'message': 'YOUR USER ID IS INVALID', 'errorcode': 'AB1007', 'data': None}
[E 250301 15:04:02 stock_filter:30] {'status': False, 'message': 'YOUR USER ID IS INVALID', 'errorcode': 'AB1007', 'data': None}
[E 250301 15:11:54 smartConnect:246] Error occurred while making a POST request to https://apiconnect.angelone.in/rest/auth/angelbroking/user/v1/loginByPassword. Error: YOUR USER ID IS INVALID. URL: https://apiconnect.angelone.in/rest/auth/angelbroking/user/v1/loginByPassword, Headers: {'Content-type': 'application/json', 'X-ClientLocalIP': '127.0.0.1', 'X-ClientPublicIP': '106.193.147.98', 'X-MACAddress': 'e4:a4:71:05:7b:e2', 'Accept': 'application/json', 'X-PrivateKey': 'HRfvYqVU', 'X-UserType': 'USER', 'X-SourceID': 'WEB'}, Request: {'clientcode': 'R301936', 'password': '9080', 'totp': '889321'}, Response: {'status': False, 'message': 'YOUR USER ID IS INVALID', 'errorcode': 'AB1007', 'data': None}
[E 250301 15:11:54 stock_filter:31] {'status': False, 'message': 'YOUR USER ID IS INVALID', 'errorcode': 'AB1007', 'data': None}
[E 250301 15:49:18 smartConnect:246] Error occurred while making a POST request to https://apiconnect.angelone.in/rest/auth/angelbroking/user/v1/loginByPassword. Error: YOUR USER ID IS INVALID. URL: https://apiconnect.angelone.in/rest/auth/angelbroking/user/v1/loginByPassword, Headers: {'Content-type': 'application/json', 'X-ClientLocalIP': '127.0.0.1', 'X-ClientPublicIP': '106.193.147.98', 'X-MACAddress': 'e4:a4:71:05:7b:e2', 'Accept': 'application/json', 'X-PrivateKey': 'HRfvYqVU', 'X-UserType': 'USER', 'X-SourceID': 'WEB'}, Request: {'clientcode': 'R301936', 'password': '9080', 'totp': '360419'}, Response: {'status': False, 'message': 'YOUR USER ID IS INVALID', 'errorcode': 'AB1007', 'data': None}
[E 250301 15:49:18 stock_filter:31] {'status': False, 'message': 'YOUR USER ID IS INVALID', 'errorcode': 'AB1007', 'data': None}
[E 250301 15:49:37 smartConnect:246] Error occurred while making a POST request to https://apiconnect.angelone.in/rest/auth/angelbroking/user/v1/loginByPassword. Error: YOUR USER ID IS INVALID. URL: https://apiconnect.angelone.in/rest/auth/angelbroking/user/v1/loginByPassword, Headers: {'Content-type': 'application/json', 'X-ClientLocalIP': '127.0.0.1', 'X-ClientPublicIP': '106.193.147.98', 'X-MACAddress': 'e4:a4:71:05:7b:e2', 'Accept': 'application/json', 'X-PrivateKey': 'HRfvYqVU', 'X-UserType': 'USER', 'X-SourceID': 'WEB'}, Request: {'clientcode': 'R301936', 'password': '9080', 'totp': '258015'}, Response: {'status': False, 'message': 'YOUR USER ID IS INVALID', 'errorcode': 'AB1007', 'data': None}
[E 250301 15:49:37 get_prices:23] {'status': False, 'message': 'YOUR USER ID IS INVALID', 'errorcode': 'AB1007', 'data': None}
[E 250301 15:49:38 smartConnect:246] Error occurred while making a POST request to https://apiconnect.angelone.in/rest/auth/angelbroking/user/v1/loginByPassword. Error: YOUR USER ID IS INVALID. URL: https://apiconnect.angelone.in/rest/auth/angelbroking/user/v1/loginByPassword, Headers: {'Content-type': 'application/json', 'X-ClientLocalIP': '127.0.0.1', 'X-ClientPublicIP': '106.193.147.98', 'X-MACAddress': 'e4:a4:71:05:7b:e2', 'Accept': 'application/json', 'X-PrivateKey': 'HRfvYqVU', 'X-UserType': 'USER', 'X-SourceID': 'WEB'}, Request: {'clientcode': 'R301936', 'password': '9080', 'totp': '258015'}, Response: {'status': False, 'message': 'YOUR USER ID IS INVALID', 'errorcode': 'AB1007', 'data': None}
[E 250301 15:49:38 stock_filter:31] {'status': False, 'message': 'YOUR USER ID IS INVALID', 'errorcode': 'AB1007', 'data': None}
[E 250301 15:49:47 smartConnect:246] Error occurred while making a GET request to https://apiconnect.angelone.in/rest/secure/angelbroking/user/v1/getProfile. Error: None. URL: https://apiconnect.angelone.in/rest/secure/angelbroking/user/v1/getProfile, Headers: {'Content-type': 'application/json', 'X-ClientLocalIP': '127.0.0.1', 'X-ClientPublicIP': '106.193.147.98', 'X-MACAddress': 'e4:a4:71:05:7b:e2', 'Accept': 'application/json', 'X-PrivateKey': 'HRfvYqVU', 'X-UserType': 'USER', 'X-SourceID': 'WEB'}, Request: {'refreshToken': 'eyJhbGciOiJIUzUxMiJ9.eyJ0b2tlbiI6IlJFRlJFU0gtVE9LRU4iLCJSRUZSRVNILVRPS0VOIjoiZXlKaGJHY2lPaUpTVXpJMU5pSXNJblI1Y0NJNklrcFhWQ0o5LmV5SjFjMlZ5WDNSNWNHVWlPaUpqYkdsbGJuUWlMQ0owYjJ0bGJsOTBlWEJsSWpvaWRISmhaR1ZmY21WbWNtVnphRjkwYjJ0bGJpSXNJbWR0WDJsa0lqb3dMQ0p6YjNWeVkyVWlPaUl6SWl3aVpHVjJhV05sWDJsa0lqb2lOak5oTkdKa05XUXRZVGcwTkMwek1UWTBMV0ZpWVRjdFlXUmlNall3T1dNNE16QXhJaXdpYTJsa0lqb2lkSEpoWkdWZmEyVjVYM1l5SWl3aWIyMXVaVzFoYm1GblpYSnBaQ0k2TUN3aWFYTnpJam9pYkc5bmFXNWZjMlZ5ZG1salpTSXNJbk4xWWlJNklsSXpNREU1TXpZaUxDSmxlSEFpT2pFM05EQTVNVEEzT0RZc0ltNWlaaUk2TVRjME1EZ3lOREl3Tml3aWFXRjBJam94TnpRd09ESTBNakEyTENKcWRHa2lPaUl6WXpJMU9HVTNZaTFsWmpCbUxUUXdaV0l0WWprek5TMWlNREpoTUdOa1pUSTJZV01pTENKVWIydGxiaUk2SWlKOS5JZ2JvUjJEWlBMSDg5TjlBWkZQRmVGSFBPcnhGM1dfRm1VbXdyNGhNN0VzRmdtOVRSNlB4QmM5ZEFWMl9sYU1IVm9PbldVdDFuUE85SVdRUGlwOFJveUZIdnVJSzF0U1VzX1BJZmQtU1dLSC0zUjAyUUd6UENoTy12T2ozdlhXcDZWOTZFTHB6Zi1oVnppVWRUZ3pMd29BN1NDbnV2YTVmOEdIVFJvY3Z3czAiLCJpYXQiOjE3NDA4MjQzODZ9.K4pxTRmXUIwu8Hjx5QowG_VRSrT5ttnyd-rCEoRlkOhg2HDjdWUxb3uADpPMaaRfFuC485bATBdBwxzDb9g7qw'}, Response: {'status': False, 'message': None, 'errorcode': 'AB1008', 'data': None}
[E 250301 15:49:58 smartConnect:246] Error occurred while making a POST request to https://apiconnect.angelone.in/rest/auth/angelbroking/user/v1/loginByPassword. Error: YOUR USER ID IS INVALID. URL: https://apiconnect.angelone.in/rest/auth/angelbroking/user/v1/loginByPassword, Headers: {'Content-type': 'application/json', 'X-ClientLocalIP': '127.0.0.1', 'X-ClientPublicIP': '106.193.147.98', 'X-MACAddress': 'e4:a4:71:05:7b:e2', 'Accept': 'application/json', 'X-PrivateKey': 'HRfvYqVU', 'X-UserType': 'USER', 'X-SourceID': 'WEB'}, Request: {'clientcode': 'R301936', 'password': '9080', 'totp': '258015'}, Response: {'status': False, 'message': 'YOUR USER ID IS INVALID', 'errorcode': 'AB1007', 'data': None}
[E 250301 15:49:58 get_prices:23] {'status': False, 'message': 'YOUR USER ID IS INVALID', 'errorcode': 'AB1007', 'data': None}
